Analysis & Synthesis report for loopback
Fri May 20 15:13:28 2022
Quartus Prime Version 20.1.1 Build 720 11/11/2020 SJ Lite Edition


---------------------
; Table of Contents ;
---------------------
  1. Legal Notice
  2. Analysis & Synthesis Summary
  3. Analysis & Synthesis Settings
  4. Parallel Compilation
  5. Analysis & Synthesis Source Files Read
  6. Analysis & Synthesis Resource Usage Summary
  7. Analysis & Synthesis Resource Utilization by Entity
  8. State Machine - |uart|uart_transmitter:UART_TX_INST|r_SM_Main
  9. State Machine - |uart|uart_receiver:UART_RX_INST|r_SM_Main
 10. Registers Removed During Synthesis
 11. Removed Registers Triggering Further Register Optimizations
 12. General Register Statistics
 13. Inverted Register Statistics
 14. Parameter Settings for User Entity Instance: Top-level Entity: |uart
 15. Parameter Settings for User Entity Instance: uart_receiver:UART_RX_INST
 16. Parameter Settings for User Entity Instance: uart_transmitter:UART_TX_INST
 17. Post-Synthesis Netlist Statistics for Top Partition
 18. Elapsed Time Per Partition
 19. Analysis & Synthesis Messages



----------------
; Legal Notice ;
----------------
Copyright (C) 2020  Intel Corporation. All rights reserved.
Your use of Intel Corporation's design tools, logic functions 
and other software and tools, and any partner logic 
functions, and any output files from any of the foregoing 
(including device programming or simulation files), and any 
associated documentation or information are expressly subject 
to the terms and conditions of the Intel Program License 
Subscription Agreement, the Intel Quartus Prime License Agreement,
the Intel FPGA IP License Agreement, or other applicable license
agreement, including, without limitation, that your use is for
the sole purpose of programming logic devices manufactured by
Intel and sold by Intel or its authorized distributors.  Please
refer to the applicable agreement for further details, at
https://fpgasoftware.intel.com/eula.



+----------------------------------------------------------------------------------+
; Analysis & Synthesis Summary                                                     ;
+------------------------------------+---------------------------------------------+
; Analysis & Synthesis Status        ; Successful - Fri May 20 15:13:28 2022       ;
; Quartus Prime Version              ; 20.1.1 Build 720 11/11/2020 SJ Lite Edition ;
; Revision Name                      ; loopback                                    ;
; Top-level Entity Name              ; uart                                        ;
; Family                             ; Cyclone IV E                                ;
; Total logic elements               ; 4                                           ;
;     Total combinational functions  ; 3                                           ;
;     Dedicated logic registers      ; 4                                           ;
; Total registers                    ; 4                                           ;
; Total pins                         ; 21                                          ;
; Total virtual pins                 ; 0                                           ;
; Total memory bits                  ; 0                                           ;
; Embedded Multiplier 9-bit elements ; 0                                           ;
; Total PLLs                         ; 0                                           ;
+------------------------------------+---------------------------------------------+


+------------------------------------------------------------------------------------------------------------+
; Analysis & Synthesis Settings                                                                              ;
+------------------------------------------------------------------+--------------------+--------------------+
; Option                                                           ; Setting            ; Default Value      ;
+------------------------------------------------------------------+--------------------+--------------------+
; Device                                                           ; EP4CE30F23C7       ;                    ;
; Top-level entity name                                            ; uart               ; loopback           ;
; Family name                                                      ; Cyclone IV E       ; Cyclone V          ;
; Use smart compilation                                            ; Off                ; Off                ;
; Enable parallel Assembler and Timing Analyzer during compilation ; On                 ; On                 ;
; Enable compact report table                                      ; Off                ; Off                ;
; Restructure Multiplexers                                         ; Auto               ; Auto               ;
; Create Debugging Nodes for IP Cores                              ; Off                ; Off                ;
; Preserve fewer node names                                        ; On                 ; On                 ;
; Intel FPGA IP Evaluation Mode                                    ; Enable             ; Enable             ;
; Verilog Version                                                  ; Verilog_2001       ; Verilog_2001       ;
; VHDL Version                                                     ; VHDL_1993          ; VHDL_1993          ;
; State Machine Processing                                         ; Auto               ; Auto               ;
; Safe State Machine                                               ; Off                ; Off                ;
; Extract Verilog State Machines                                   ; On                 ; On                 ;
; Extract VHDL State Machines                                      ; On                 ; On                 ;
; Ignore Verilog initial constructs                                ; Off                ; Off                ;
; Iteration limit for constant Verilog loops                       ; 5000               ; 5000               ;
; Iteration limit for non-constant Verilog loops                   ; 250                ; 250                ;
; Add Pass-Through Logic to Inferred RAMs                          ; On                 ; On                 ;
; Infer RAMs from Raw Logic                                        ; On                 ; On                 ;
; Parallel Synthesis                                               ; On                 ; On                 ;
; DSP Block Balancing                                              ; Auto               ; Auto               ;
; NOT Gate Push-Back                                               ; On                 ; On                 ;
; Power-Up Don't Care                                              ; On                 ; On                 ;
; Remove Redundant Logic Cells                                     ; Off                ; Off                ;
; Remove Duplicate Registers                                       ; On                 ; On                 ;
; Ignore CARRY Buffers                                             ; Off                ; Off                ;
; Ignore CASCADE Buffers                                           ; Off                ; Off                ;
; Ignore GLOBAL Buffers                                            ; Off                ; Off                ;
; Ignore ROW GLOBAL Buffers                                        ; Off                ; Off                ;
; Ignore LCELL Buffers                                             ; Off                ; Off                ;
; Ignore SOFT Buffers                                              ; On                 ; On                 ;
; Limit AHDL Integers to 32 Bits                                   ; Off                ; Off                ;
; Optimization Technique                                           ; Balanced           ; Balanced           ;
; Carry Chain Length                                               ; 70                 ; 70                 ;
; Auto Carry Chains                                                ; On                 ; On                 ;
; Auto Open-Drain Pins                                             ; On                 ; On                 ;
; Perform WYSIWYG Primitive Resynthesis                            ; Off                ; Off                ;
; Auto ROM Replacement                                             ; On                 ; On                 ;
; Auto RAM Replacement                                             ; On                 ; On                 ;
; Auto DSP Block Replacement                                       ; On                 ; On                 ;
; Auto Shift Register Replacement                                  ; Auto               ; Auto               ;
; Allow Shift Register Merging across Hierarchies                  ; Auto               ; Auto               ;
; Auto Clock Enable Replacement                                    ; On                 ; On                 ;
; Strict RAM Replacement                                           ; Off                ; Off                ;
; Allow Synchronous Control Signals                                ; On                 ; On                 ;
; Force Use of Synchronous Clear Signals                           ; Off                ; Off                ;
; Auto RAM Block Balancing                                         ; On                 ; On                 ;
; Auto RAM to Logic Cell Conversion                                ; Off                ; Off                ;
; Auto Resource Sharing                                            ; Off                ; Off                ;
; Allow Any RAM Size For Recognition                               ; Off                ; Off                ;
; Allow Any ROM Size For Recognition                               ; Off                ; Off                ;
; Allow Any Shift Register Size For Recognition                    ; Off                ; Off                ;
; Use LogicLock Constraints during Resource Balancing              ; On                 ; On                 ;
; Ignore translate_off and synthesis_off directives                ; Off                ; Off                ;
; Timing-Driven Synthesis                                          ; On                 ; On                 ;
; Report Parameter Settings                                        ; On                 ; On                 ;
; Report Source Assignments                                        ; On                 ; On                 ;
; Report Connectivity Checks                                       ; On                 ; On                 ;
; Ignore Maximum Fan-Out Assignments                               ; Off                ; Off                ;
; Synchronization Register Chain Length                            ; 2                  ; 2                  ;
; Power Optimization During Synthesis                              ; Normal compilation ; Normal compilation ;
; HDL message level                                                ; Level2             ; Level2             ;
; Suppress Register Optimization Related Messages                  ; Off                ; Off                ;
; Number of Removed Registers Reported in Synthesis Report         ; 5000               ; 5000               ;
; Number of Swept Nodes Reported in Synthesis Report               ; 5000               ; 5000               ;
; Number of Inverted Registers Reported in Synthesis Report        ; 100                ; 100                ;
; Clock MUX Protection                                             ; On                 ; On                 ;
; Auto Gated Clock Conversion                                      ; Off                ; Off                ;
; Block Design Naming                                              ; Auto               ; Auto               ;
; SDC constraint protection                                        ; Off                ; Off                ;
; Synthesis Effort                                                 ; Auto               ; Auto               ;
; Shift Register Replacement - Allow Asynchronous Clear Signal     ; On                 ; On                 ;
; Pre-Mapping Resynthesis Optimization                             ; Off                ; Off                ;
; Analysis & Synthesis Message Level                               ; Medium             ; Medium             ;
; Disable Register Merging Across Hierarchies                      ; Auto               ; Auto               ;
; Resource Aware Inference For Block RAM                           ; On                 ; On                 ;
+------------------------------------------------------------------+--------------------+--------------------+


+------------------------------------------+
; Parallel Compilation                     ;
+----------------------------+-------------+
; Processors                 ; Number      ;
+----------------------------+-------------+
; Number detected on machine ; 6           ;
; Maximum allowed            ; 6           ;
;                            ;             ;
; Average used               ; 1.00        ;
; Maximum used               ; 6           ;
;                            ;             ;
; Usage by Processor         ; % Time Used ;
;     Processor 1            ; 100.0%      ;
;     Processors 2-6         ;   0.0%      ;
+----------------------------+-------------+


+-----------------------------------------------------------------------------------------------------------------------------------------------------------------------------+
; Analysis & Synthesis Source Files Read                                                                                                                                      ;
+----------------------------------+-----------------+------------------------+-------------------------------------------------------------------------------------+---------+
; File Name with User-Entered Path ; Used in Netlist ; File Type              ; File Name with Absolute Path                                                        ; Library ;
+----------------------------------+-----------------+------------------------+-------------------------------------------------------------------------------------+---------+
; uart.v                           ; yes             ; User Verilog HDL File  ; /home/aluno/Documentos/Tec499/tp01/G01/SD-22.1-main/src/fpga/old/uart.v             ;         ;
; uart_receiver.v                  ; yes             ; User Verilog HDL File  ; /home/aluno/Documentos/Tec499/tp01/G01/SD-22.1-main/src/fpga/old/uart_receiver.v    ;         ;
; uart_transmitter.v               ; yes             ; User Verilog HDL File  ; /home/aluno/Documentos/Tec499/tp01/G01/SD-22.1-main/src/fpga/old/uart_transmitter.v ;         ;
+----------------------------------+-----------------+------------------------+-------------------------------------------------------------------------------------+---------+


+-------------------------------------------------------------+
; Analysis & Synthesis Resource Usage Summary                 ;
+---------------------------------------------+---------------+
; Resource                                    ; Usage         ;
+---------------------------------------------+---------------+
; Estimated Total logic elements              ; 4             ;
;                                             ;               ;
; Total combinational functions               ; 3             ;
; Logic element usage by number of LUT inputs ;               ;
;     -- 4 input functions                    ; 0             ;
;     -- 3 input functions                    ; 1             ;
;     -- <=2 input functions                  ; 2             ;
;                                             ;               ;
; Logic elements by mode                      ;               ;
;     -- normal mode                          ; 3             ;
;     -- arithmetic mode                      ; 0             ;
;                                             ;               ;
; Total registers                             ; 4             ;
;     -- Dedicated logic registers            ; 4             ;
;     -- I/O registers                        ; 0             ;
;                                             ;               ;
; I/O pins                                    ; 21            ;
;                                             ;               ;
; Embedded Multiplier 9-bit elements          ; 0             ;
;                                             ;               ;
; Maximum fan-out node                        ; i_Clock~input ;
; Maximum fan-out                             ; 4             ;
; Total fan-out                               ; 37            ;
; Average fan-out                             ; 0.76          ;
+---------------------------------------------+---------------+


+------------------------------------------------------------------------------------------------------------------------------------------------------------------------------------------------------------------------------+
; Analysis & Synthesis Resource Utilization by Entity                                                                                                                                                                          ;
+---------------------------------+---------------------+---------------------------+-------------+--------------+---------+-----------+------+--------------+----------------------------------+---------------+--------------+
; Compilation Hierarchy Node      ; Combinational ALUTs ; Dedicated Logic Registers ; Memory Bits ; DSP Elements ; DSP 9x9 ; DSP 18x18 ; Pins ; Virtual Pins ; Full Hierarchy Name              ; Entity Name   ; Library Name ;
+---------------------------------+---------------------+---------------------------+-------------+--------------+---------+-----------+------+--------------+----------------------------------+---------------+--------------+
; |uart                           ; 3 (0)               ; 4 (0)                     ; 0           ; 0            ; 0       ; 0         ; 21   ; 0            ; |uart                            ; uart          ; work         ;
;    |uart_receiver:UART_RX_INST| ; 3 (3)               ; 4 (4)                     ; 0           ; 0            ; 0       ; 0         ; 0    ; 0            ; |uart|uart_receiver:UART_RX_INST ; uart_receiver ; work         ;
+---------------------------------+---------------------+---------------------------+-------------+--------------+---------+-----------+------+--------------+----------------------------------+---------------+--------------+
Note: For table entries with two numbers listed, the numbers in parentheses indicate the number of resources of the given type used by the specific entity alone. The numbers listed outside of parentheses indicate the total resources of the given type used by the specific entity and all of its sub-entities in the hierarchy.


Encoding Type:  One-Hot
+------------------------------------------------------------------------------------------------------------------------------------------------+
; State Machine - |uart|uart_transmitter:UART_TX_INST|r_SM_Main                                                                                  ;
+--------------------------+-------------------------+--------------------------+--------------------------+---------------+---------------------+
; Name                     ; r_SM_Main.s_TX_STOP_BIT ; r_SM_Main.s_TX_DATA_BITS ; r_SM_Main.s_TX_START_BIT ; r_SM_Main.000 ; r_SM_Main.s_CLEANUP ;
+--------------------------+-------------------------+--------------------------+--------------------------+---------------+---------------------+
; r_SM_Main.000            ; 0                       ; 0                        ; 0                        ; 0             ; 0                   ;
; r_SM_Main.s_TX_START_BIT ; 0                       ; 0                        ; 1                        ; 1             ; 0                   ;
; r_SM_Main.s_TX_DATA_BITS ; 0                       ; 1                        ; 0                        ; 1             ; 0                   ;
; r_SM_Main.s_TX_STOP_BIT  ; 1                       ; 0                        ; 0                        ; 1             ; 0                   ;
; r_SM_Main.s_CLEANUP      ; 0                       ; 0                        ; 0                        ; 1             ; 1                   ;
+--------------------------+-------------------------+--------------------------+--------------------------+---------------+---------------------+


Encoding Type:  One-Hot
+------------------------------------------------------------------------------------------------------------------------------------------------+
; State Machine - |uart|uart_receiver:UART_RX_INST|r_SM_Main                                                                                     ;
+--------------------------+-------------------------+--------------------------+--------------------------+---------------+---------------------+
; Name                     ; r_SM_Main.s_RX_STOP_BIT ; r_SM_Main.s_RX_DATA_BITS ; r_SM_Main.s_RX_START_BIT ; r_SM_Main.000 ; r_SM_Main.s_CLEANUP ;
+--------------------------+-------------------------+--------------------------+--------------------------+---------------+---------------------+
; r_SM_Main.000            ; 0                       ; 0                        ; 0                        ; 0             ; 0                   ;
; r_SM_Main.s_RX_START_BIT ; 0                       ; 0                        ; 1                        ; 1             ; 0                   ;
; r_SM_Main.s_RX_DATA_BITS ; 0                       ; 1                        ; 0                        ; 1             ; 0                   ;
; r_SM_Main.s_RX_STOP_BIT  ; 1                       ; 0                        ; 0                        ; 1             ; 0                   ;
; r_SM_Main.s_CLEANUP      ; 0                       ; 0                        ; 0                        ; 1             ; 1                   ;
+--------------------------+-------------------------+--------------------------+--------------------------+---------------+---------------------+


+--------------------------------------------------------------------------------------------------------------------------+
; Registers Removed During Synthesis                                                                                       ;
+--------------------------------------------------------+-----------------------------------------------------------------+
; Register name                                          ; Reason for Removal                                              ;
+--------------------------------------------------------+-----------------------------------------------------------------+
; uart_transmitter:UART_TX_INST|r_Bit_Index[0..2]        ; Stuck at GND due to stuck port data_in                          ;
; uart_receiver:UART_RX_INST|r_Rx_DV                     ; Stuck at GND due to stuck port data_in                          ;
; uart_transmitter:UART_TX_INST|r_Tx_Data[1..7]          ; Lost fanout                                                     ;
; uart_transmitter:UART_TX_INST|r_Tx_Active              ; Merged with uart_transmitter:UART_TX_INST|r_Tx_Data[0]          ;
; uart_transmitter:UART_TX_INST|r_Tx_Data[0]             ; Stuck at GND due to stuck port data_in                          ;
; uart_transmitter:UART_TX_INST|r_Tx_Done                ; Stuck at GND due to stuck port data_in                          ;
; uart_transmitter:UART_TX_INST|r_SM_Main~2              ; Lost fanout                                                     ;
; uart_transmitter:UART_TX_INST|r_SM_Main~3              ; Lost fanout                                                     ;
; uart_receiver:UART_RX_INST|r_SM_Main~2                 ; Lost fanout                                                     ;
; uart_receiver:UART_RX_INST|r_SM_Main~3                 ; Lost fanout                                                     ;
; uart_transmitter:UART_TX_INST|r_SM_Main.s_CLEANUP      ; Stuck at GND due to stuck port data_in                          ;
; uart_receiver:UART_RX_INST|r_SM_Main.s_CLEANUP         ; Stuck at GND due to stuck port data_in                          ;
; uart_transmitter:UART_TX_INST|r_SM_Main.s_TX_START_BIT ; Lost fanout                                                     ;
; uart_transmitter:UART_TX_INST|r_SM_Main.s_TX_DATA_BITS ; Lost fanout                                                     ;
; uart_receiver:UART_RX_INST|r_SM_Main.s_RX_STOP_BIT     ; Merged with uart_receiver:UART_RX_INST|r_SM_Main.s_RX_DATA_BITS ;
; uart_transmitter:UART_TX_INST|r_SM_Main.000            ; Merged with uart_receiver:UART_RX_INST|r_SM_Main.s_RX_DATA_BITS ;
; uart_transmitter:UART_TX_INST|r_SM_Main.s_TX_STOP_BIT  ; Merged with uart_receiver:UART_RX_INST|r_SM_Main.s_RX_DATA_BITS ;
; uart_transmitter:UART_TX_INST|o_Tx_Serial              ; Stuck at VCC due to stuck port data_in                          ;
; uart_receiver:UART_RX_INST|r_SM_Main.s_RX_DATA_BITS    ; Stuck at GND due to stuck port data_in                          ;
; Total Number of Removed Registers = 27                 ;                                                                 ;
+--------------------------------------------------------+-----------------------------------------------------------------+


+-----------------------------------------------------------------------------------------------------------------------------------+
; Removed Registers Triggering Further Register Optimizations                                                                       ;
+----------------------------------------------+---------------------------+--------------------------------------------------------+
; Register name                                ; Reason for Removal        ; Registers Removed due to This Register                 ;
+----------------------------------------------+---------------------------+--------------------------------------------------------+
; uart_transmitter:UART_TX_INST|r_Bit_Index[0] ; Stuck at GND              ; uart_transmitter:UART_TX_INST|r_Tx_Data[6],            ;
;                                              ; due to stuck port data_in ; uart_transmitter:UART_TX_INST|r_Tx_Data[5],            ;
;                                              ;                           ; uart_transmitter:UART_TX_INST|r_Tx_Data[4],            ;
;                                              ;                           ; uart_transmitter:UART_TX_INST|r_Tx_Data[3],            ;
;                                              ;                           ; uart_transmitter:UART_TX_INST|r_Tx_Data[2],            ;
;                                              ;                           ; uart_transmitter:UART_TX_INST|r_Tx_Data[7],            ;
;                                              ;                           ; uart_transmitter:UART_TX_INST|o_Tx_Serial              ;
; uart_receiver:UART_RX_INST|r_Rx_DV           ; Stuck at GND              ; uart_transmitter:UART_TX_INST|r_Tx_Data[0],            ;
;                                              ; due to stuck port data_in ; uart_transmitter:UART_TX_INST|r_Tx_Done                ;
; uart_transmitter:UART_TX_INST|r_SM_Main~2    ; Lost Fanouts              ; uart_transmitter:UART_TX_INST|r_SM_Main.s_TX_START_BIT ;
; uart_transmitter:UART_TX_INST|r_SM_Main~3    ; Lost Fanouts              ; uart_transmitter:UART_TX_INST|r_SM_Main.s_TX_DATA_BITS ;
+----------------------------------------------+---------------------------+--------------------------------------------------------+


+------------------------------------------------------+
; General Register Statistics                          ;
+----------------------------------------------+-------+
; Statistic                                    ; Value ;
+----------------------------------------------+-------+
; Total registers                              ; 4     ;
; Number of registers using Synchronous Clear  ; 0     ;
; Number of registers using Synchronous Load   ; 0     ;
; Number of registers using Asynchronous Clear ; 0     ;
; Number of registers using Asynchronous Load  ; 0     ;
; Number of registers using Clock Enable       ; 0     ;
; Number of registers using Preset             ; 0     ;
+----------------------------------------------+-------+


+--------------------------------------------------+
; Inverted Register Statistics                     ;
+----------------------------------------+---------+
; Inverted Register                      ; Fan out ;
+----------------------------------------+---------+
; uart_receiver:UART_RX_INST|r_Rx_Data   ; 2       ;
; uart_receiver:UART_RX_INST|r_Rx_Data_R ; 1       ;
; Total number of inverted registers = 2 ;         ;
+----------------------------------------+---------+


+----------------------------------------------------------------------+
; Parameter Settings for User Entity Instance: Top-level Entity: |uart ;
+----------------+-------+---------------------------------------------+
; Parameter Name ; Value ; Type                                        ;
+----------------+-------+---------------------------------------------+
; c_CLKS_PER_BIT ; 5208  ; Signed Integer                              ;
+----------------+-------+---------------------------------------------+
Note: In order to hide this table in the UI and the text report file, please set the "Show Parameter Settings in Synthesis Report" option in "Analysis and Synthesis Settings -> More Settings" to "Off".


+-------------------------------------------------------------------------+
; Parameter Settings for User Entity Instance: uart_receiver:UART_RX_INST ;
+----------------+-------+------------------------------------------------+
; Parameter Name ; Value ; Type                                           ;
+----------------+-------+------------------------------------------------+
; CLKS_PER_BIT   ; 5208  ; Signed Integer                                 ;
+----------------+-------+------------------------------------------------+
Note: In order to hide this table in the UI and the text report file, please set the "Show Parameter Settings in Synthesis Report" option in "Analysis and Synthesis Settings -> More Settings" to "Off".


+----------------------------------------------------------------------------+
; Parameter Settings for User Entity Instance: uart_transmitter:UART_TX_INST ;
+----------------+-------+---------------------------------------------------+
; Parameter Name ; Value ; Type                                              ;
+----------------+-------+---------------------------------------------------+
; CLKS_PER_BIT   ; 5208  ; Signed Integer                                    ;
+----------------+-------+---------------------------------------------------+
Note: In order to hide this table in the UI and the text report file, please set the "Show Parameter Settings in Synthesis Report" option in "Analysis and Synthesis Settings -> More Settings" to "Off".


+-----------------------------------------------------+
; Post-Synthesis Netlist Statistics for Top Partition ;
+-----------------------+-----------------------------+
; Type                  ; Count                       ;
+-----------------------+-----------------------------+
; boundary_port         ; 21                          ;
; cycloneiii_ff         ; 4                           ;
;     plain             ; 4                           ;
; cycloneiii_lcell_comb ; 5                           ;
;     normal            ; 5                           ;
;         0 data inputs ; 2                           ;
;         1 data inputs ; 1                           ;
;         2 data inputs ; 1                           ;
;         3 data inputs ; 1                           ;
;                       ;                             ;
; Max LUT depth         ; 1.00                        ;
; Average LUT depth     ; 0.64                        ;
+-----------------------+-----------------------------+


+-------------------------------+
; Elapsed Time Per Partition    ;
+----------------+--------------+
; Partition Name ; Elapsed Time ;
+----------------+--------------+
; Top            ; 00:00:00     ;
+----------------+--------------+


+-------------------------------+
; Analysis & Synthesis Messages ;
+-------------------------------+
Info: *******************************************************************
Info: Running Quartus Prime Analysis & Synthesis
    Info: Version 20.1.1 Build 720 11/11/2020 SJ Lite Edition
    Info: Processing started: Fri May 20 15:13:22 2022
Info: Command: quartus_map --read_settings_files=on --write_settings_files=off loopback -c loopback
Warning (18236): Number of processors has not been specified which may cause overloading on shared machines.  Set the global assignment NUM_PARALLEL_PROCESSORS in your QSF to an appropriate value for best performance.
Info (20030): Parallel compilation is enabled and will use 6 of the 6 processors detected
Info (12021): Found 1 design units, including 1 entities, in source file uart.v
    Info (12023): Found entity 1: uart File: /home/aluno/Documentos/Tec499/tp01/G01/SD-22.1-main/src/fpga/old/uart.v Line: 5
Info (12021): Found 1 design units, including 1 entities, in source file uart_receiver.v
    Info (12023): Found entity 1: uart_receiver File: /home/aluno/Documentos/Tec499/tp01/G01/SD-22.1-main/src/fpga/old/uart_receiver.v Line: 11
Info (12021): Found 1 design units, including 1 entities, in source file uart_testbench.v
    Info (12023): Found entity 1: uart_testbench File: /home/aluno/Documentos/Tec499/tp01/G01/SD-22.1-main/src/fpga/old/uart_testbench.v Line: 6
Info (12021): Found 1 design units, including 1 entities, in source file uart_transmitter.v
    Info (12023): Found entity 1: uart_transmitter File: /home/aluno/Documentos/Tec499/tp01/G01/SD-22.1-main/src/fpga/old/uart_transmitter.v Line: 11
Warning (10222): Verilog HDL Parameter Declaration warning at uart_receiver.v(21): Parameter Declaration in module "uart_receiver" behaves as a Local Parameter Declaration because the module has a Module Parameter Port List File: /home/aluno/Documentos/Tec499/tp01/G01/SD-22.1-main/src/fpga/old/uart_receiver.v Line: 21
Warning (10222): Verilog HDL Parameter Declaration warning at uart_receiver.v(22): Parameter Declaration in module "uart_receiver" behaves as a Local Parameter Declaration because the module has a Module Parameter Port List File: /home/aluno/Documentos/Tec499/tp01/G01/SD-22.1-main/src/fpga/old/uart_receiver.v Line: 22
Warning (10222): Verilog HDL Parameter Declaration warning at uart_receiver.v(23): Parameter Declaration in module "uart_receiver" behaves as a Local Parameter Declaration because the module has a Module Parameter Port List File: /home/aluno/Documentos/Tec499/tp01/G01/SD-22.1-main/src/fpga/old/uart_receiver.v Line: 23
Warning (10222): Verilog HDL Parameter Declaration warning at uart_receiver.v(24): Parameter Declaration in module "uart_receiver" behaves as a Local Parameter Declaration because the module has a Module Parameter Port List File: /home/aluno/Documentos/Tec499/tp01/G01/SD-22.1-main/src/fpga/old/uart_receiver.v Line: 24
Warning (10222): Verilog HDL Parameter Declaration warning at uart_receiver.v(25): Parameter Declaration in module "uart_receiver" behaves as a Local Parameter Declaration because the module has a Module Parameter Port List File: /home/aluno/Documentos/Tec499/tp01/G01/SD-22.1-main/src/fpga/old/uart_receiver.v Line: 25
Warning (10222): Verilog HDL Parameter Declaration warning at uart_transmitter.v(22): Parameter Declaration in module "uart_transmitter" behaves as a Local Parameter Declaration because the module has a Module Parameter Port List File: /home/aluno/Documentos/Tec499/tp01/G01/SD-22.1-main/src/fpga/old/uart_transmitter.v Line: 22
Warning (10222): Verilog HDL Parameter Declaration warning at uart_transmitter.v(23): Parameter Declaration in module "uart_transmitter" behaves as a Local Parameter Declaration because the module has a Module Parameter Port List File: /home/aluno/Documentos/Tec499/tp01/G01/SD-22.1-main/src/fpga/old/uart_transmitter.v Line: 23
Warning (10222): Verilog HDL Parameter Declaration warning at uart_transmitter.v(24): Parameter Declaration in module "uart_transmitter" behaves as a Local Parameter Declaration because the module has a Module Parameter Port List File: /home/aluno/Documentos/Tec499/tp01/G01/SD-22.1-main/src/fpga/old/uart_transmitter.v Line: 24
Warning (10222): Verilog HDL Parameter Declaration warning at uart_transmitter.v(25): Parameter Declaration in module "uart_transmitter" behaves as a Local Parameter Declaration because the module has a Module Parameter Port List File: /home/aluno/Documentos/Tec499/tp01/G01/SD-22.1-main/src/fpga/old/uart_transmitter.v Line: 25
Warning (10222): Verilog HDL Parameter Declaration warning at uart_transmitter.v(26): Parameter Declaration in module "uart_transmitter" behaves as a Local Parameter Declaration because the module has a Module Parameter Port List File: /home/aluno/Documentos/Tec499/tp01/G01/SD-22.1-main/src/fpga/old/uart_transmitter.v Line: 26
Info (12127): Elaborating entity "uart" for the top level hierarchy
Warning (10036): Verilog HDL or VHDL warning at uart.v(21): object "r_Tx_DV" assigned a value but never read File: /home/aluno/Documentos/Tec499/tp01/G01/SD-22.1-main/src/fpga/old/uart.v Line: 21
Warning (10036): Verilog HDL or VHDL warning at uart.v(25): object "r_Tx_Byte" assigned a value but never read File: /home/aluno/Documentos/Tec499/tp01/G01/SD-22.1-main/src/fpga/old/uart.v Line: 25
Info (12128): Elaborating entity "uart_receiver" for hierarchy "uart_receiver:UART_RX_INST" File: /home/aluno/Documentos/Tec499/tp01/G01/SD-22.1-main/src/fpga/old/uart.v Line: 35
Warning (10230): Verilog HDL assignment warning at uart_receiver.v(78): truncated value with size 32 to match size of target (8) File: /home/aluno/Documentos/Tec499/tp01/G01/SD-22.1-main/src/fpga/old/uart_receiver.v Line: 78
Warning (10230): Verilog HDL assignment warning at uart_receiver.v(89): truncated value with size 32 to match size of target (8) File: /home/aluno/Documentos/Tec499/tp01/G01/SD-22.1-main/src/fpga/old/uart_receiver.v Line: 89
Warning (10230): Verilog HDL assignment warning at uart_receiver.v(118): truncated value with size 32 to match size of target (8) File: /home/aluno/Documentos/Tec499/tp01/G01/SD-22.1-main/src/fpga/old/uart_receiver.v Line: 118
Info (12128): Elaborating entity "uart_transmitter" for hierarchy "uart_transmitter:UART_TX_INST" File: /home/aluno/Documentos/Tec499/tp01/G01/SD-22.1-main/src/fpga/old/uart.v Line: 44
Warning (10230): Verilog HDL assignment warning at uart_transmitter.v(65): truncated value with size 32 to match size of target (8) File: /home/aluno/Documentos/Tec499/tp01/G01/SD-22.1-main/src/fpga/old/uart_transmitter.v Line: 65
Warning (10230): Verilog HDL assignment warning at uart_transmitter.v(83): truncated value with size 32 to match size of target (8) File: /home/aluno/Documentos/Tec499/tp01/G01/SD-22.1-main/src/fpga/old/uart_transmitter.v Line: 83
Warning (10230): Verilog HDL assignment warning at uart_transmitter.v(113): truncated value with size 32 to match size of target (8) File: /home/aluno/Documentos/Tec499/tp01/G01/SD-22.1-main/src/fpga/old/uart_transmitter.v Line: 113
Warning (13024): Output pins are stuck at VCC or GND
    Warning (13410): Pin "o_Tx_Active" is stuck at GND File: /home/aluno/Documentos/Tec499/tp01/G01/SD-22.1-main/src/fpga/old/uart.v Line: 10
    Warning (13410): Pin "o_Tx_Serial" is stuck at VCC File: /home/aluno/Documentos/Tec499/tp01/G01/SD-22.1-main/src/fpga/old/uart.v Line: 11
    Warning (13410): Pin "o_Tx_Done" is stuck at GND File: /home/aluno/Documentos/Tec499/tp01/G01/SD-22.1-main/src/fpga/old/uart.v Line: 12
    Warning (13410): Pin "o_Rx_Byte[0]" is stuck at GND File: /home/aluno/Documentos/Tec499/tp01/G01/SD-22.1-main/src/fpga/old/uart.v Line: 13
    Warning (13410): Pin "o_Rx_Byte[1]" is stuck at GND File: /home/aluno/Documentos/Tec499/tp01/G01/SD-22.1-main/src/fpga/old/uart.v Line: 13
    Warning (13410): Pin "o_Rx_Byte[2]" is stuck at GND File: /home/aluno/Documentos/Tec499/tp01/G01/SD-22.1-main/src/fpga/old/uart.v Line: 13
    Warning (13410): Pin "o_Rx_Byte[3]" is stuck at GND File: /home/aluno/Documentos/Tec499/tp01/G01/SD-22.1-main/src/fpga/old/uart.v Line: 13
    Warning (13410): Pin "o_Rx_Byte[4]" is stuck at GND File: /home/aluno/Documentos/Tec499/tp01/G01/SD-22.1-main/src/fpga/old/uart.v Line: 13
    Warning (13410): Pin "o_Rx_Byte[5]" is stuck at GND File: /home/aluno/Documentos/Tec499/tp01/G01/SD-22.1-main/src/fpga/old/uart.v Line: 13
    Warning (13410): Pin "o_Rx_Byte[6]" is stuck at GND File: /home/aluno/Documentos/Tec499/tp01/G01/SD-22.1-main/src/fpga/old/uart.v Line: 13
    Warning (13410): Pin "o_Rx_Byte[7]" is stuck at GND File: /home/aluno/Documentos/Tec499/tp01/G01/SD-22.1-main/src/fpga/old/uart.v Line: 13
    Warning (13410): Pin "o_gnd" is stuck at GND File: /home/aluno/Documentos/Tec499/tp01/G01/SD-22.1-main/src/fpga/old/uart.v Line: 14
    Warning (13410): Pin "o_Rx_DV" is stuck at GND File: /home/aluno/Documentos/Tec499/tp01/G01/SD-22.1-main/src/fpga/old/uart.v Line: 15
    Warning (13410): Pin "o_LG" is stuck at VCC File: /home/aluno/Documentos/Tec499/tp01/G01/SD-22.1-main/src/fpga/old/uart.v Line: 15
    Warning (13410): Pin "o_LR" is stuck at GND File: /home/aluno/Documentos/Tec499/tp01/G01/SD-22.1-main/src/fpga/old/uart.v Line: 15
    Warning (13410): Pin "o_Rx_Main[1]" is stuck at GND File: /home/aluno/Documentos/Tec499/tp01/G01/SD-22.1-main/src/fpga/old/uart.v Line: 17
    Warning (13410): Pin "o_Rx_Main[2]" is stuck at GND File: /home/aluno/Documentos/Tec499/tp01/G01/SD-22.1-main/src/fpga/old/uart.v Line: 17
Info (286030): Timing-Driven Synthesis is running
Info (17049): 13 registers lost all their fanouts during netlist optimizations.
Info (16010): Generating hard_block partition "hard_block:auto_generated_inst"
    Info (16011): Adding 0 node(s), including 0 DDIO, 0 PLL, 0 transceiver and 0 LCELL
Info (21057): Implemented 25 device resources after synthesis - the final resource count might be different
    Info (21058): Implemented 2 input pins
    Info (21059): Implemented 19 output pins
    Info (21061): Implemented 4 logic cells
Info: Quartus Prime Analysis & Synthesis was successful. 0 errors, 37 warnings
    Info: Peak virtual memory: 427 megabytes
    Info: Processing ended: Fri May 20 15:13:28 2022
    Info: Elapsed time: 00:00:06
    Info: Total CPU time (on all processors): 00:00:12


